<?xml version="1.0" encoding="UTF-8"?>
<testsuite xmlns:xsi="http://www.w3.org/2001/XMLSchema-instance" xsi:noNamespaceSchemaLocation="https://maven.apache.org/surefire/maven-surefire-plugin/xsd/surefire-test-report-3.0.xsd" version="3.0" name="ec.edu.espe.arquitectura.wsproductospasivos.WsProductosPasivosApplicationTests" time="5.694" tests="1" errors="0" skipped="0" failures="0">
  <properties>
[...]
</properties>
  <testcase name="contextLoads" classname="ec.edu.espe.arquitectura.wsproductospasivos.WsProductosPasivosApplicationTests" time="1.333">
    <system-out><![CDATA[23:10:19.599 [main] INFO org.springframework.test.context.support.AnnotationConfigContextLoaderUtils -- Could not detect default configuration classes for test class [ec.edu.espe.arquitectura.wsproductospasivos.WsProductosPasivosApplicationTests]: WsProductosPasivosApplicationTests does not declare any static, non-private, non-final, nested classes annotated with @Configuration.
23:10:19.717 [main] INFO org.springframework.boot.test.context.SpringBootTestContextBootstrapper -- Found @SpringBootConfiguration ec.edu.espe.arquitectura.wsproductospasivos.WsProductosPasivosApplication for test class ec.edu.espe.arquitectura.wsproductospasivos.WsProductosPasivosApplicationTests

  .   ____          _            __ _ _
 /\\ / ___'_ __ _ _(_)_ __  __ _ \ \ \ \
( ( )\___ | '_ | '_| | '_ \/ _` | \ \ \ \
 \\/  ___)| |_)| | | | | || (_| |  ) ) ) )
  '  |____| .__|_| |_|_| |_\__, | / / / /
 =========|_|==============|___/=/_/_/_/
 :: Spring Boot ::                (v3.1.1)

2023-08-19T23:10:20.441-05:00  INFO 28752 --- [           main] e.a.w.WsProductosPasivosApplicationTests : Starting WsProductosPasivosApplicationTests using Java 17.0.7 with PID 28752 (started by andre in C:\Users\andre\bank\BanQuitoG2\banquito-ws-productos-pasivos)
2023-08-19T23:10:20.445-05:00  INFO 28752 --- [           main] e.a.w.WsProductosPasivosApplicationTests : No active profile set, falling back to 1 default profile: "default"
2023-08-19T23:10:21.273-05:00  INFO 28752 --- [           main] .s.d.r.c.RepositoryConfigurationDelegate : Bootstrapping Spring Data MongoDB repositories in DEFAULT mode.
2023-08-19T23:10:21.376-05:00  INFO 28752 --- [           main] .s.d.r.c.RepositoryConfigurationDelegate : Finished Spring Data repository scanning in 94 ms. Found 1 MongoDB repository interfaces.
2023-08-19T23:10:22.239-05:00  INFO 28752 --- [ape.mongodb.net] org.mongodb.driver.cluster               : Adding discovered server ac-wniojsz-shard-00-00.ztbsape.mongodb.net:27017 to client view of cluster
2023-08-19T23:10:22.285-05:00  INFO 28752 --- [           main] org.mongodb.driver.client                : MongoClient with metadata {"driver": {"name": "mongo-java-driver|sync|spring-boot", "version": "4.9.1"}, "os": {"type": "Windows", "name": "Windows 10", "architecture": "amd64", "version": "10.0"}, "platform": "Java/Eclipse Adoptium/17.0.7+7"} created with settings MongoClientSettings{readPreference=primary, writeConcern=WriteConcern{w=null, wTimeout=null ms, journal=null}, retryWrites=true, retryReads=true, readConcern=ReadConcern{level=null}, credential=MongoCredential{mechanism=null, userName='saochoa1', source='admin', password=<hidden>, mechanismProperties=<hidden>}, streamFactoryFactory=null, commandListeners=[], codecRegistry=ProvidersCodecRegistry{codecProviders=[ValueCodecProvider{}, BsonValueCodecProvider{}, DBRefCodecProvider{}, DBObjectCodecProvider{}, DocumentCodecProvider{}, CollectionCodecProvider{}, IterableCodecProvider{}, MapCodecProvider{}, GeoJsonCodecProvider{}, GridFSFileCodecProvider{}, Jsr310CodecProvider{}, JsonObjectCodecProvider{}, BsonCodecProvider{}, EnumCodecProvider{}, com.mongodb.client.model.mql.ExpressionCodecProvider@40d23c82, com.mongodb.Jep395RecordCodecProvider@7cf78c85]}, loggerSettings=LoggerSettings{maxDocumentLength=1000}, clusterSettings={hosts=[127.0.0.1:27017], srvHost=clusterbanquito.ztbsape.mongodb.net, srvServiceName=mongodb, mode=MULTIPLE, requiredClusterType=REPLICA_SET, requiredReplicaSetName='atlas-1qswsv-shard-0', serverSelector='null', clusterListeners='[]', serverSelectionTimeout='30000 ms', localThreshold='30000 ms'}, socketSettings=SocketSettings{connectTimeoutMS=10000, readTimeoutMS=0, receiveBufferSize=0, sendBufferSize=0}, heartbeatSocketSettings=SocketSettings{connectTimeoutMS=10000, readTimeoutMS=10000, receiveBufferSize=0, sendBufferSize=0}, connectionPoolSettings=ConnectionPoolSettings{maxSize=100, minSize=0, maxWaitTimeMS=120000, maxConnectionLifeTimeMS=0, maxConnectionIdleTimeMS=0, maintenanceInitialDelayMS=0, maintenanceFrequencyMS=60000, connectionPoolListeners=[], maxConnecting=2}, serverSettings=ServerSettings{heartbeatFrequencyMS=10000, minHeartbeatFrequencyMS=500, serverListeners='[]', serverMonitorListeners='[]'}, sslSettings=SslSettings{enabled=true, invalidHostNameAllowed=false, context=null}, applicationName='null', compressorList=[], uuidRepresentation=JAVA_LEGACY, serverApi=null, autoEncryptionSettings=null, contextProvider=null}
2023-08-19T23:10:22.292-05:00  INFO 28752 --- [ape.mongodb.net] org.mongodb.driver.cluster               : Adding discovered server ac-wniojsz-shard-00-01.ztbsape.mongodb.net:27017 to client view of cluster
2023-08-19T23:10:22.293-05:00  INFO 28752 --- [ape.mongodb.net] org.mongodb.driver.cluster               : Adding discovered server ac-wniojsz-shard-00-02.ztbsape.mongodb.net:27017 to client view of cluster
2023-08-19T23:10:23.170-05:00  INFO 28752 --- [ngodb.net:27017] org.mongodb.driver.cluster               : Monitor thread successfully connected to server with description ServerDescription{address=ac-wniojsz-shard-00-00.ztbsape.mongodb.net:27017, type=REPLICA_SET_SECONDARY, state=CONNECTED, ok=true, minWireVersion=0, maxWireVersion=17, maxDocumentSize=16777216, logicalSessionTimeoutMinutes=30, roundTripTimeNanos=503578800, setName='atlas-1qswsv-shard-0', canonicalAddress=ac-wniojsz-shard-00-00.ztbsape.mongodb.net:27017, hosts=[ac-wniojsz-shard-00-00.ztbsape.mongodb.net:27017, ac-wniojsz-shard-00-01.ztbsape.mongodb.net:27017, ac-wniojsz-shard-00-02.ztbsape.mongodb.net:27017], passives=[], arbiters=[], primary='ac-wniojsz-shard-00-01.ztbsape.mongodb.net:27017', tagSet=TagSet{[Tag{name='nodeType', value='ELECTABLE'}, Tag{name='provider', value='AWS'}, Tag{name='region', value='US_EAST_1'}, Tag{name='workloadType', value='OPERATIONAL'}]}, electionId=null, setVersion=1, topologyVersion=TopologyVersion{processId=64dff40be7683bb5550f3730, counter=4}, lastWriteDate=Sat Aug 19 23:10:23 COT 2023, lastUpdateTimeNanos=41167911535800}
2023-08-19T23:10:23.170-05:00  INFO 28752 --- [ngodb.net:27017] org.mongodb.driver.cluster               : Monitor thread successfully connected to server with description ServerDescription{address=ac-wniojsz-shard-00-01.ztbsape.mongodb.net:27017, type=REPLICA_SET_PRIMARY, state=CONNECTED, ok=true, minWireVersion=0, maxWireVersion=17, maxDocumentSize=16777216, logicalSessionTimeoutMinutes=30, roundTripTimeNanos=503489400, setName='atlas-1qswsv-shard-0', canonicalAddress=ac-wniojsz-shard-00-01.ztbsape.mongodb.net:27017, hosts=[ac-wniojsz-shard-00-00.ztbsape.mongodb.net:27017, ac-wniojsz-shard-00-01.ztbsape.mongodb.net:27017, ac-wniojsz-shard-00-02.ztbsape.mongodb.net:27017], passives=[], arbiters=[], primary='ac-wniojsz-shard-00-01.ztbsape.mongodb.net:27017', tagSet=TagSet{[Tag{name='nodeType', value='ELECTABLE'}, Tag{name='provider', value='AWS'}, Tag{name='region', value='US_EAST_1'}, Tag{name='workloadType', value='OPERATIONAL'}]}, electionId=7fffffff000000000000000a, setVersion=1, topologyVersion=TopologyVersion{processId=64dff5287bea542ae5066130, counter=6}, lastWriteDate=Sat Aug 19 23:10:23 COT 2023, lastUpdateTimeNanos=41167911539100}
2023-08-19T23:10:23.170-05:00  INFO 28752 --- [ngodb.net:27017] org.mongodb.driver.cluster               : Monitor thread successfully connected to server with description ServerDescription{address=ac-wniojsz-shard-00-02.ztbsape.mongodb.net:27017, type=REPLICA_SET_SECONDARY, state=CONNECTED, ok=true, minWireVersion=0, maxWireVersion=17, maxDocumentSize=16777216, logicalSessionTimeoutMinutes=30, roundTripTimeNanos=503490600, setName='atlas-1qswsv-shard-0', canonicalAddress=ac-wniojsz-shard-00-02.ztbsape.mongodb.net:27017, hosts=[ac-wniojsz-shard-00-00.ztbsape.mongodb.net:27017, ac-wniojsz-shard-00-01.ztbsape.mongodb.net:27017, ac-wniojsz-shard-00-02.ztbsape.mongodb.net:27017], passives=[], arbiters=[], primary='ac-wniojsz-shard-00-01.ztbsape.mongodb.net:27017', tagSet=TagSet{[Tag{name='nodeType', value='ELECTABLE'}, Tag{name='provider', value='AWS'}, Tag{name='region', value='US_EAST_1'}, Tag{name='workloadType', value='OPERATIONAL'}]}, electionId=null, setVersion=1, topologyVersion=TopologyVersion{processId=64dff60d86432ab11242cfd2, counter=3}, lastWriteDate=Sat Aug 19 23:10:23 COT 2023, lastUpdateTimeNanos=41167911535500}
2023-08-19T23:10:23.175-05:00  INFO 28752 --- [ngodb.net:27017] org.mongodb.driver.cluster               : Discovered replica set primary ac-wniojsz-shard-00-01.ztbsape.mongodb.net:27017 with max election id 7fffffff000000000000000a and max set version 1
2023-08-19T23:10:23.697-05:00  INFO 28752 --- [           main] e.a.w.WsProductosPasivosApplicationTests : Started WsProductosPasivosApplicationTests in 3.698 seconds (process running for 5.087)
]]></system-out>
  </testcase>
</testsuite>